{
  "RSpec": {
    "coverage": {
      "/Users/terenceallitt/Projects/tech-test-week/bank-app/spec/account_spec.rb": [
        1,
        1,
        null,
        1,
        1,
        1,
        1,
        1,
        null,
        null,
        null,
        1,
        1,
        1,
        1,
        1,
        null,
        null,
        1,
        2,
        null,
        null,
        null,
        1,
        1,
        1,
        1,
        1,
        1,
        2,
        null,
        null,
        null
      ],
      "/Users/terenceallitt/Projects/tech-test-week/bank-app/lib/account.rb": [
        1,
        1,
        1,
        null,
        null,
        1,
        1,
        null,
        1,
        null,
        1,
        4,
        4,
        null,
        null,
        1,
        3,
        3,
        null,
        null,
        1,
        2,
        1,
        1,
        null,
        null,
        1,
        1,
        null,
        null,
        1,
        null,
        1,
        2,
        null,
        null,
        1,
        2,
        null,
        null
      ],
      "/Users/terenceallitt/Projects/tech-test-week/bank-app/lib/calculator.rb": [
        null,
        1,
        1,
        null,
        1,
        3,
        null,
        null,
        1,
        1,
        null,
        null
      ],
      "/Users/terenceallitt/Projects/tech-test-week/bank-app/lib/activity.rb": [
        1,
        null,
        1,
        1,
        null,
        1,
        6,
        6,
        null,
        null,
        1,
        4,
        null,
        null,
        1,
        2,
        null,
        null,
        1,
        1,
        null,
        null,
        1,
        null,
        1,
        4,
        4,
        4,
        null,
        null,
        1,
        2,
        2,
        2,
        null,
        null
      ],
      "/Users/terenceallitt/Projects/tech-test-week/bank-app/lib/printer.rb": [
        null,
        1,
        1,
        1,
        1,
        null,
        null,
        1,
        null,
        1,
        1,
        null,
        null,
        1,
        2,
        null,
        null
      ],
      "/Users/terenceallitt/Projects/tech-test-week/bank-app/spec/activity_spec.rb": [
        1,
        1,
        null,
        1,
        1,
        2,
        2,
        null,
        null,
        1,
        1,
        1,
        1,
        1,
        null,
        null,
        null,
        1,
        1,
        1,
        1,
        null,
        null,
        null
      ]
    },
    "timestamp": 1522105200
  }
}
